# JRE version: Java(TM) SE Runtime Environment (8.0_40-b27) (build 1.8.0_40-b27)
# Java VM: Java HotSpot(TM) 64-Bit Server VM (25.40-b25 mixed mode bsd-amd64 compressed oops)
Heap:
 PSYoungGen      total 287232K, used 236544K [0x00000007aab00000, 0x00000007bf900000, 0x00000007c0000000)
  eden space 236544K, 100% used [0x00000007aab00000,0x00000007b9200000,0x00000007b9200000)
  from space 50688K, 0% used [0x00000007b9200000,0x00000007b9200000,0x00000007bc380000)
  to   space 49664K, 32% used [0x00000007bc880000,0x00000007bd83b128,0x00000007bf900000)
 ParOldGen       total 572416K, used 457744K [0x0000000780000000, 0x00000007a2f00000, 0x00000007aab00000)
  object space 572416K, 79% used [0x0000000780000000,0x000000079bf04350,0x00000007a2f00000)
 Metaspace       used 568320K, capacity 586974K, committed 592896K, reserved 1554432K
  class space    used 79478K, capacity 85874K, committed 87808K, reserved 1048576K
GC Heap History (10 events):
Event: 18700.673 GC heap after
Heap after GC invocations=235 (full 64):
 PSYoungGen      total 253440K, used 18795K [0x00000007aab00000, 0x00000007bf700000, 0x00000007c0000000)
  eden space 234496K, 0% used [0x00000007aab00000,0x00000007aab00000,0x00000007b9000000)
  from space 18944K, 99% used [0x00000007b9000000,0x00000007ba25acb8,0x00000007ba280000)
  to   space 52736K, 0% used [0x00000007bc380000,0x00000007bc380000,0x00000007bf700000)
 ParOldGen       total 572416K, used 480997K [0x0000000780000000, 0x00000007a2f00000, 0x00000007aab00000)
  object space 572416K, 84% used [0x0000000780000000,0x000000079d5b9778,0x00000007a2f00000)
 Metaspace       used 556245K, capacity 576330K, committed 579840K, reserved 1542144K
  class space    used 78233K, capacity 85134K, committed 86272K, reserved 1048576K
}
Event: 18700.673 GC heap before
{Heap before GC invocations=236 (full 65):
 PSYoungGen      total 253440K, used 18795K [0x00000007aab00000, 0x00000007bf700000, 0x00000007c0000000)
  eden space 234496K, 0% used [0x00000007aab00000,0x00000007aab00000,0x00000007b9000000)
  from space 18944K, 99% used [0x00000007b9000000,0x00000007ba25acb8,0x00000007ba280000)
  to   space 52736K, 0% used [0x00000007bc380000,0x00000007bc380000,0x00000007bf700000)
 ParOldGen       total 572416K, used 480997K [0x0000000780000000, 0x00000007a2f00000, 0x00000007aab00000)
  object space 572416K, 84% used [0x0000000780000000,0x000000079d5b9778,0x00000007a2f00000)
 Metaspace       used 556245K, capacity 576330K, committed 579840K, reserved 1542144K
  class space    used 78233K, capacity 85134K, committed 86272K, reserved 1048576K
Event: 18713.437 GC heap after
Heap after GC invocations=236 (full 65):
 PSYoungGen      total 253440K, used 0K [0x00000007aab00000, 0x00000007bf700000, 0x00000007c0000000)
  eden space 234496K, 0% used [0x00000007aab00000,0x00000007aab00000,0x00000007b9000000)
  from space 18944K, 0% used [0x00000007b9000000,0x00000007b9000000,0x00000007ba280000)
  to   space 52736K, 0% used [0x00000007bc380000,0x00000007bc380000,0x00000007bf700000)
 ParOldGen       total 572416K, used 452345K [0x0000000780000000, 0x00000007a2f00000, 0x00000007aab00000)
  object space 572416K, 79% used [0x0000000780000000,0x000000079b9be4a8,0x00000007a2f00000)
 Metaspace       used 554098K, capacity 571780K, committed 579840K, reserved 1542144K
  class space    used 77396K, capacity 83380K, committed 86272K, reserved 1048576K
}
Event: 19350.744 GC heap before
{Heap before GC invocations=237 (full 65):
 PSYoungGen      total 253440K, used 234496K [0x00000007aab00000, 0x00000007bf700000, 0x00000007c0000000)
  eden space 234496K, 100% used [0x00000007aab00000,0x00000007b9000000,0x00000007b9000000)
  from space 18944K, 0% used [0x00000007b9000000,0x00000007b9000000,0x00000007ba280000)
  to   space 52736K, 0% used [0x00000007bc380000,0x00000007bc380000,0x00000007bf700000)
 ParOldGen       total 572416K, used 452345K [0x0000000780000000, 0x00000007a2f00000, 0x00000007aab00000)
  object space 572416K, 79% used [0x0000000780000000,0x000000079b9be4a8,0x00000007a2f00000)
 Metaspace       used 560671K, capacity 579082K, committed 585088K, reserved 1548288K
  class space    used 78402K, capacity 84714K, committed 86656K, reserved 1048576K
Event: 19351.519 GC heap after
Heap after GC invocations=237 (full 65):
 PSYoungGen      total 289280K, used 27477K [0x00000007aab00000, 0x00000007bfb00000, 0x00000007c0000000)
  eden space 236544K, 0% used [0x00000007aab00000,0x00000007aab00000,0x00000007b9200000)
  from space 52736K, 52% used [0x00000007bc380000,0x00000007bde55770,0x00000007bf700000)
  to   space 50688K, 0% used [0x00000007b9200000,0x00000007b9200000,0x00000007bc380000)
 ParOldGen       total 572416K, used 452345K [0x0000000780000000, 0x00000007a2f00000, 0x00000007aab00000)
  object space 572416K, 79% used [0x0000000780000000,0x000000079b9be4a8,0x00000007a2f00000)
 Metaspace       used 560671K, capacity 579082K, committed 585088K, reserved 1548288K
  class space    used 78402K, capacity 84714K, committed 86656K, reserved 1048576K
}
Event: 19364.877 GC heap before
{Heap before GC invocations=238 (full 65):
 PSYoungGen      total 289280K, used 178889K [0x00000007aab00000, 0x00000007bfb00000, 0x00000007c0000000)
  eden space 236544K, 64% used [0x00000007aab00000,0x00000007b3edcfe8,0x00000007b9200000)
  from space 52736K, 52% used [0x00000007bc380000,0x00000007bde55770,0x00000007bf700000)
  to   space 50688K, 0% used [0x00000007b9200000,0x00000007b9200000,0x00000007bc380000)
 ParOldGen       total 572416K, used 452345K [0x0000000780000000, 0x00000007a2f00000, 0x00000007aab00000)
  object space 572416K, 79% used [0x0000000780000000,0x000000079b9be4a8,0x00000007a2f00000)
 Metaspace       used 562438K, capacity 581150K, committed 586880K, reserved 1550336K
  class space    used 78724K, capacity 85087K, committed 86912K, reserved 1048576K
Event: 19365.006 GC heap after
Heap after GC invocations=238 (full 65):
 PSYoungGen      total 287232K, used 17672K [0x00000007aab00000, 0x00000007bf900000, 0x00000007c0000000)
  eden space 236544K, 0% used [0x00000007aab00000,0x00000007aab00000,0x00000007b9200000)
  from space 50688K, 34% used [0x00000007b9200000,0x00000007ba342198,0x00000007bc380000)
  to   space 49664K, 0% used [0x00000007bc880000,0x00000007bc880000,0x00000007bf900000)
 ParOldGen       total 572416K, used 452353K [0x0000000780000000, 0x00000007a2f00000, 0x00000007aab00000)
  object space 572416K, 79% used [0x0000000780000000,0x000000079b9c04a8,0x00000007a2f00000)
 Metaspace       used 562438K, capacity 581150K, committed 586880K, reserved 1550336K
  class space    used 78724K, capacity 85087K, committed 86912K, reserved 1048576K
}
Event: 19365.006 GC heap before
{Heap before GC invocations=239 (full 66):
 PSYoungGen      total 287232K, used 17672K [0x00000007aab00000, 0x00000007bf900000, 0x00000007c0000000)
  eden space 236544K, 0% used [0x00000007aab00000,0x00000007aab00000,0x00000007b9200000)
  from space 50688K, 34% used [0x00000007b9200000,0x00000007ba342198,0x00000007bc380000)
  to   space 49664K, 0% used [0x00000007bc880000,0x00000007bc880000,0x00000007bf900000)
 ParOldGen       total 572416K, used 452353K [0x0000000780000000, 0x00000007a2f00000, 0x00000007aab00000)
  object space 572416K, 79% used [0x0000000780000000,0x000000079b9c04a8,0x00000007a2f00000)
 Metaspace       used 562438K, capacity 581150K, committed 586880K, reserved 1550336K
  class space    used 78724K, capacity 85087K, committed 86912K, reserved 1048576K
Event: 19370.552 GC heap after
Heap after GC invocations=239 (full 66):
 PSYoungGen      total 287232K, used 0K [0x00000007aab00000, 0x00000007bf900000, 0x00000007c0000000)
  eden space 236544K, 0% used [0x00000007aab00000,0x00000007aab00000,0x00000007b9200000)
  from space 50688K, 0% used [0x00000007b9200000,0x00000007b9200000,0x00000007bc380000)
  to   space 49664K, 0% used [0x00000007bc880000,0x00000007bc880000,0x00000007bf900000)
 ParOldGen       total 572416K, used 457744K [0x0000000780000000, 0x00000007a2f00000, 0x00000007aab00000)
  object space 572416K, 79% used [0x0000000780000000,0x000000079bf04350,0x00000007a2f00000)
 Metaspace       used 561739K, capacity 579672K, committed 586880K, reserved 1550336K
  class space    used 78471K, capacity 84540K, committed 86912K, reserved 1048576K
}
Event: 19478.065 GC heap before
{Heap before GC invocations=240 (full 66):
 PSYoungGen      total 287232K, used 236544K [0x00000007aab00000, 0x00000007bf900000, 0x00000007c0000000)
  eden space 236544K, 100% used [0x00000007aab00000,0x00000007b9200000,0x00000007b9200000)
  from space 50688K, 0% used [0x00000007b9200000,0x00000007b9200000,0x00000007bc380000)
  to   space 49664K, 0% used [0x00000007bc880000,0x00000007bc880000,0x00000007bf900000)
 ParOldGen       total 572416K, used 457744K [0x0000000780000000, 0x00000007a2f00000, 0x00000007aab00000)
  object space 572416K, 79% used [0x0000000780000000,0x000000079bf04350,0x00000007a2f00000)
 Metaspace       used 568320K, capacity 586974K, committed 592896K, reserved 1554432K
  class space    used 79478K, capacity 85874K, committed 87808K, reserved 1048576K

